0 info it worked if it ends with ok
1 verbose cli [ '/home/ian/.nvm/versions/node/v5.8.0/bin/node',
1 verbose cli   '/home/ian/.nvm/versions/node/v5.8.0/bin/npm',
1 verbose cli   'run',
1 verbose cli   'package' ]
2 info using npm@3.7.3
3 info using node@v5.8.0
4 verbose run-script [ 'prepackage', 'package', 'postpackage' ]
5 info lifecycle rose-st-admin@1.0.0~prepackage: rose-st-admin@1.0.0
6 silly lifecycle rose-st-admin@1.0.0~prepackage: no script for prepackage, continuing
7 info lifecycle rose-st-admin@1.0.0~package: rose-st-admin@1.0.0
8 verbose lifecycle rose-st-admin@1.0.0~package: unsafe-perm in lifecycle true
9 verbose lifecycle rose-st-admin@1.0.0~package: PATH: /home/ian/.nvm/versions/node/v5.8.0/lib/node_modules/npm/bin/node-gyp-bin:/home/ian/Downloads/projects/rose_st_electron/node_modules/.bin:/home/ian/.nvm/versions/node/v5.8.0/bin:/home/ian/.nvm/versions/node/v5.8.0/bin:/home/ian/bin:/usr/local/sbin:/usr/local/bin:/usr/sbin:/usr/bin:/sbin:/bin:/usr/games:/usr/local/games
10 verbose lifecycle rose-st-admin@1.0.0~package: CWD: /home/ian/Downloads/projects/rose_st_electron
11 silly lifecycle rose-st-admin@1.0.0~package: Args: [ '-c', 'npm run build && gulp package' ]
12 silly lifecycle rose-st-admin@1.0.0~package: Returned: code: 1  signal: null
13 info lifecycle rose-st-admin@1.0.0~package: Failed to exec package script
14 verbose stack Error: rose-st-admin@1.0.0 package: `npm run build && gulp package`
14 verbose stack Exit status 1
14 verbose stack     at EventEmitter.<anonymous> (/home/ian/.nvm/versions/node/v5.8.0/lib/node_modules/npm/lib/utils/lifecycle.js:239:16)
14 verbose stack     at emitTwo (events.js:100:13)
14 verbose stack     at EventEmitter.emit (events.js:185:7)
14 verbose stack     at ChildProcess.<anonymous> (/home/ian/.nvm/versions/node/v5.8.0/lib/node_modules/npm/lib/utils/spawn.js:24:14)
14 verbose stack     at emitTwo (events.js:100:13)
14 verbose stack     at ChildProcess.emit (events.js:185:7)
14 verbose stack     at maybeClose (internal/child_process.js:850:16)
14 verbose stack     at Process.ChildProcess._handle.onexit (internal/child_process.js:215:5)
15 verbose pkgid rose-st-admin@1.0.0
16 verbose cwd /home/ian/Downloads/projects/rose_st_electron
17 error Linux 4.2.0-34-generic
18 error argv "/home/ian/.nvm/versions/node/v5.8.0/bin/node" "/home/ian/.nvm/versions/node/v5.8.0/bin/npm" "run" "package"
19 error node v5.8.0
20 error npm  v3.7.3
21 error code ELIFECYCLE
22 error rose-st-admin@1.0.0 package: `npm run build && gulp package`
22 error Exit status 1
23 error Failed at the rose-st-admin@1.0.0 package script 'npm run build && gulp package'.
23 error Make sure you have the latest version of node.js and npm installed.
23 error If you do, this is most likely a problem with the rose-st-admin package,
23 error not with npm itself.
23 error Tell the author that this fails on your system:
23 error     npm run build && gulp package
23 error You can get information on how to open an issue for this project with:
23 error     npm bugs rose-st-admin
23 error Or if that isn't available, you can get their info via:
23 error     npm owner ls rose-st-admin
23 error There is likely additional logging output above.
24 verbose exit [ 1, true ]
